     1 00000000 B800B8                  mov ax, 0xb800
     2 00000003 8ED8                    mov ds, ax
     3                                  
     4 00000005 C606000041              mov byte [0x00], 0x41		;字符A的ASCII编码
     5 0000000A C606010004              mov byte [0x01], 0x04		;黑底红字，无闪烁
     6                                  
     7 0000000F C606020073              mov byte [0x02], 's'		;等同于 mov byte [0x02], 0x73
     8 00000014 C606030004              mov byte [0x03], 0x04
     9                                  
    10 00000019 C606040073              mov byte [0x04], 's'
    11 0000001E C606050004              mov byte [0x05], 0x04
    12                                  
    13 00000023 C606060065              mov byte [0x06], 'e'
    14 00000028 C606070004              mov byte [0x07], 0x04
    15                                  
    16 0000002D C60608006D              mov byte [0x08], 'm'
    17 00000032 C606090004              mov byte [0x09], 0x04
    18                                  
    19 00000037 C6060A0062              mov byte [0x0a], 'b'
    20 0000003C C6060B0004              mov byte [0x0b], 0x04
    21                                  
    22 00000041 C6060C006C              mov byte [0x0c], 'l'
    23 00000046 C6060D0004              mov byte [0x0d], 0x04
    24                                  
    25 0000004B C6060E0079              mov byte [0x0e], 'y'
    26 00000050 C6060F0004              mov byte [0x0f], 0x04
    27                                  
    28 00000055 C60610002E              mov byte [0x10], '.'
    29 0000005A C606110004              mov byte [0x11], 0x04
    30                                  
    31 0000005F 00<rep 19Fh>            times 510-0x5f db 0
    32 000001FE 55AA                    db 0x55, 0xaa
